{"numTotalTestSuites":6,"numPassedTestSuites":6,"numFailedTestSuites":0,"numPendingTestSuites":0,"numTotalTests":38,"numPassedTests":38,"numFailedTests":0,"numPendingTests":0,"numTodoTests":0,"snapshot":{"added":0,"failure":false,"filesAdded":0,"filesRemoved":0,"filesRemovedList":[],"filesUnmatched":0,"filesUpdated":0,"matched":0,"total":0,"unchecked":0,"uncheckedKeysByFile":[],"unmatched":0,"updated":0,"didUpdate":false},"startTime":1745952831199,"success":true,"testResults":[{"assertionResults":[{"ancestorTitles":["App Component"],"fullName":"App Component renders Kanbanish app correctly","status":"passed","title":"renders Kanbanish app correctly","duration":32.96154201030731,"failureMessages":[],"meta":{}}],"startTime":1745952832657,"endTime":1745952832689.9614,"status":"passed","message":"","name":"/Users/crittermike/Code/kanbanish/src/App.test.jsx"},{"assertionResults":[{"ancestorTitles":["Board Component"],"fullName":"Board Component renders board title and columns correctly","status":"passed","title":"renders board title and columns correctly","duration":56.55437499284744,"failureMessages":[],"meta":{}},{"ancestorTitles":["Board Component"],"fullName":"Board Component handles board title change correctly","status":"passed","title":"handles board title change correctly","duration":12.618499994277954,"failureMessages":[],"meta":{}},{"ancestorTitles":["Board Component"],"fullName":"Board Component handles copying share URL to clipboard","status":"passed","title":"handles copying share URL to clipboard","duration":65.74879205226898,"failureMessages":[],"meta":{}},{"ancestorTitles":["Board Component"],"fullName":"Board Component opens template modal when New Board button is clicked","status":"passed","title":"opens template modal when New Board button is clicked","duration":9.824082970619202,"failureMessages":[],"meta":{}},{"ancestorTitles":["Board Component"],"fullName":"Board Component opens sort dropdown when dropdown button is clicked","status":"passed","title":"opens sort dropdown when dropdown button is clicked","duration":13.074292004108429,"failureMessages":[],"meta":{}},{"ancestorTitles":["Board Component"],"fullName":"Board Component selects sort by votes when that option is clicked","status":"passed","title":"selects sort by votes when that option is clicked","duration":12.33066701889038,"failureMessages":[],"meta":{}},{"ancestorTitles":["Board Component"],"fullName":"Board Component toggles voting enabled setting when clicked","status":"passed","title":"toggles voting enabled setting when clicked","duration":14.71154099702835,"failureMessages":[],"meta":{}},{"ancestorTitles":["Board Component"],"fullName":"Board Component toggles multiple votes allowed setting when clicked","status":"passed","title":"toggles multiple votes allowed setting when clicked","duration":11.9167919754982,"failureMessages":[],"meta":{}},{"ancestorTitles":["Board Component"],"fullName":"Board Component updates document title when board title changes","status":"passed","title":"updates document title when board title changes","duration":14.227333009243011,"failureMessages":[],"meta":{}},{"ancestorTitles":["Board Component"],"fullName":"Board Component initializes with board ID from URL","status":"passed","title":"initializes with board ID from URL","duration":4.637874960899353,"failureMessages":[],"meta":{}},{"ancestorTitles":["Board Component"],"fullName":"Board Component automatically opens template modal when no board ID is in URL","status":"passed","title":"automatically opens template modal when no board ID is in URL","duration":8.183624982833862,"failureMessages":[],"meta":{}},{"ancestorTitles":["Board Component"],"fullName":"Board Component handles template selection with failed board creation","status":"passed","title":"handles template selection with failed board creation","duration":7.92154198884964,"failureMessages":[],"meta":{}}],"startTime":1745952832610,"endTime":1745952832841.9216,"status":"passed","message":"","name":"/Users/crittermike/Code/kanbanish/src/components/Board.test.jsx"},{"assertionResults":[{"ancestorTitles":["Card Component"],"fullName":"Card Component renders card content correctly","status":"passed","title":"renders card content correctly","duration":30.270290970802307,"failureMessages":[],"meta":{}},{"ancestorTitles":["Card Component"],"fullName":"Card Component renders emoji reactions","status":"passed","title":"renders emoji reactions","duration":4.902458012104034,"failureMessages":[],"meta":{}},{"ancestorTitles":["Card Component"],"fullName":"Card Component allows editing card content","status":"passed","title":"allows editing card content","duration":69.20883399248123,"failureMessages":[],"meta":{}},{"ancestorTitles":["Card Component"],"fullName":"Card Component shows comments when comments button is clicked","status":"passed","title":"shows comments when comments button is clicked","duration":6.769459009170532,"failureMessages":[],"meta":{}},{"ancestorTitles":["Card Component"],"fullName":"Card Component allows adding upvotes","status":"passed","title":"allows adding upvotes","duration":56.42716699838638,"failureMessages":[],"meta":{}},{"ancestorTitles":["Card Component"],"fullName":"Card Component allows removing downvotes","status":"passed","title":"allows removing downvotes","duration":55.20466697216034,"failureMessages":[],"meta":{}},{"ancestorTitles":["Card Component"],"fullName":"Card Component allows deleting the card","status":"passed","title":"allows deleting the card","duration":56.68529200553894,"failureMessages":[],"meta":{}},{"ancestorTitles":["Card Component"],"fullName":"Card Component applies drag attributes to card element","status":"passed","title":"applies drag attributes to card element","duration":6.430083990097046,"failureMessages":[],"meta":{}},{"ancestorTitles":["Card Component"],"fullName":"Card Component shows emoji picker when clicking the + icon","status":"passed","title":"shows emoji picker when clicking the + icon","duration":7.669458985328674,"failureMessages":[],"meta":{}},{"ancestorTitles":["Card Component"],"fullName":"Card Component allows adding and removing emoji reactions","status":"passed","title":"allows adding and removing emoji reactions","duration":112.79266703128815,"failureMessages":[],"meta":{}},{"ancestorTitles":["Card Component"],"fullName":"Card Component allows adding comments","status":"passed","title":"allows adding comments","duration":7.093457996845245,"failureMessages":[],"meta":{}},{"ancestorTitles":["Card Component"],"fullName":"Card Component handles keyboard shortcuts for editing","status":"passed","title":"handles keyboard shortcuts for editing","duration":17.014625012874603,"failureMessages":[],"meta":{}},{"ancestorTitles":["Card Component"],"fullName":"Card Component prevents negative vote count","status":"passed","title":"prevents negative vote count","duration":3.3464579582214355,"failureMessages":[],"meta":{}},{"ancestorTitles":["Card Component"],"fullName":"Card Component requires confirmation for card deletion","status":"passed","title":"requires confirmation for card deletion","duration":4.2797499895095825,"failureMessages":[],"meta":{}},{"ancestorTitles":["Card Component"],"fullName":"Card Component removes reaction when clicking an existing reaction","status":"passed","title":"removes reaction when clicking an existing reaction","duration":54.34833300113678,"failureMessages":[],"meta":{}},{"ancestorTitles":["Card Component"],"fullName":"Card Component prevents adding empty comments","status":"passed","title":"prevents adding empty comments","duration":4.485125005245209,"failureMessages":[],"meta":{}},{"ancestorTitles":["Card Component"],"fullName":"Card Component deletes card when saving empty content","status":"passed","title":"deletes card when saving empty content","duration":57.74345797300339,"failureMessages":[],"meta":{}},{"ancestorTitles":["Card Component"],"fullName":"Card Component allows editing comments","status":"passed","title":"allows editing comments","duration":63.16425001621246,"failureMessages":[],"meta":{}},{"ancestorTitles":["Card Component"],"fullName":"Card Component allows deleting comments","status":"passed","title":"allows deleting comments","duration":57.32616698741913,"failureMessages":[],"meta":{}},{"ancestorTitles":["Card Component"],"fullName":"Card Component can cancel comment editing","status":"passed","title":"can cancel comment editing","duration":9.24354100227356,"failureMessages":[],"meta":{}},{"ancestorTitles":["Card Component"],"fullName":"Card Component allows saving comment with Enter key","status":"passed","title":"allows saving comment with Enter key","duration":61.3192920088768,"failureMessages":[],"meta":{}},{"ancestorTitles":["Card Component"],"fullName":"Card Component prevents adding empty comments when editing","status":"passed","title":"prevents adding empty comments when editing","duration":9.725124955177307,"failureMessages":[],"meta":{}},{"ancestorTitles":["Card Component"],"fullName":"Card Component requires confirmation for comment deletion","status":"passed","title":"requires confirmation for comment deletion","duration":5.507708966732025,"failureMessages":[],"meta":{}},{"ancestorTitles":["Card Component"],"fullName":"Card Component hides voting controls when voting is disabled","status":"passed","title":"hides voting controls when voting is disabled","duration":1.5669999718666077,"failureMessages":[],"meta":{}},{"ancestorTitles":["Card Component"],"fullName":"Card Component respects multiple votes allowed setting","status":"passed","title":"respects multiple votes allowed setting","duration":106.92945903539658,"failureMessages":[],"meta":{}}],"startTime":1745952832605,"endTime":1745952833474.9294,"status":"passed","message":"","name":"/Users/crittermike/Code/kanbanish/src/components/Card.test.jsx"}]}