{"numTotalTestSuites":6,"numPassedTestSuites":6,"numFailedTestSuites":0,"numPendingTestSuites":0,"numTotalTests":46,"numPassedTests":46,"numFailedTests":0,"numPendingTests":0,"numTodoTests":0,"snapshot":{"added":0,"failure":false,"filesAdded":0,"filesRemoved":0,"filesRemovedList":[],"filesUnmatched":0,"filesUpdated":0,"matched":0,"total":0,"unchecked":0,"uncheckedKeysByFile":[],"unmatched":0,"updated":0,"didUpdate":false},"startTime":1746147767054,"success":true,"testResults":[{"assertionResults":[{"ancestorTitles":["App Component"],"fullName":"App Component renders Kanbanish app correctly","status":"passed","title":"renders Kanbanish app correctly","duration":43.16941600000007,"failureMessages":[],"meta":{}}],"startTime":1746147771807,"endTime":1746147771850.1694,"status":"passed","message":"","name":"/home/runner/work/kanbanish/kanbanish/src/App.test.jsx"},{"assertionResults":[{"ancestorTitles":["Board Component"],"fullName":"Board Component renders board title and columns correctly","status":"passed","title":"renders board title and columns correctly","duration":72.81147699999997,"failureMessages":[],"meta":{}},{"ancestorTitles":["Board Component"],"fullName":"Board Component handles board title change correctly","status":"passed","title":"handles board title change correctly","duration":22.446108000000095,"failureMessages":[],"meta":{}},{"ancestorTitles":["Board Component"],"fullName":"Board Component handles copying share URL to clipboard","status":"passed","title":"handles copying share URL to clipboard","duration":70.958392,"failureMessages":[],"meta":{}},{"ancestorTitles":["Board Component"],"fullName":"Board Component opens template modal when New Board button is clicked","status":"passed","title":"opens template modal when New Board button is clicked","duration":19.20913799999994,"failureMessages":[],"meta":{}},{"ancestorTitles":["Board Component"],"fullName":"Board Component opens sort dropdown when dropdown button is clicked","status":"passed","title":"opens sort dropdown when dropdown button is clicked","duration":36.14636600000017,"failureMessages":[],"meta":{}},{"ancestorTitles":["Board Component"],"fullName":"Board Component selects sort by votes when that option is clicked","status":"passed","title":"selects sort by votes when that option is clicked","duration":35.517324000000144,"failureMessages":[],"meta":{}},{"ancestorTitles":["Board Component"],"fullName":"Board Component toggles voting enabled setting when clicked","status":"passed","title":"toggles voting enabled setting when clicked","duration":27.61141899999984,"failureMessages":[],"meta":{}},{"ancestorTitles":["Board Component"],"fullName":"Board Component toggles multiple votes allowed setting when clicked","status":"passed","title":"toggles multiple votes allowed setting when clicked","duration":34.79092200000014,"failureMessages":[],"meta":{}},{"ancestorTitles":["Board Component"],"fullName":"Board Component updates document title when board title changes","status":"passed","title":"updates document title when board title changes","duration":30.713726999999835,"failureMessages":[],"meta":{}},{"ancestorTitles":["Board Component"],"fullName":"Board Component initializes with board ID from URL","status":"passed","title":"initializes with board ID from URL","duration":11.34790699999985,"failureMessages":[],"meta":{}},{"ancestorTitles":["Board Component"],"fullName":"Board Component automatically opens template modal when no board ID is in URL","status":"passed","title":"automatically opens template modal when no board ID is in URL","duration":18.75405099999989,"failureMessages":[],"meta":{}},{"ancestorTitles":["Board Component"],"fullName":"Board Component handles template selection with failed board creation","status":"passed","title":"handles template selection with failed board creation","duration":35.112719999999854,"failureMessages":[],"meta":{}},{"ancestorTitles":["Board Component"],"fullName":"Board Component toggles downvoting enabled setting when clicked","status":"passed","title":"toggles downvoting enabled setting when clicked","duration":62.13202300000012,"failureMessages":[],"meta":{}},{"ancestorTitles":["Board Component"],"fullName":"Board Component hides downvoting setting when voting is disabled","status":"passed","title":"hides downvoting setting when voting is disabled","duration":20.931837000000087,"failureMessages":[],"meta":{}},{"ancestorTitles":["Board Component"],"fullName":"Board Component resets all votes when reset votes button is clicked","status":"passed","title":"resets all votes when reset votes button is clicked","duration":30.953724000000193,"failureMessages":[],"meta":{}},{"ancestorTitles":["Board Component"],"fullName":"Board Component does not reset votes if user cancels confirmation","status":"passed","title":"does not reset votes if user cancels confirmation","duration":19.276883999999882,"failureMessages":[],"meta":{}},{"ancestorTitles":["Board Component"],"fullName":"Board Component hides multi-vote setting and reset votes button when voting is disabled","status":"passed","title":"hides multi-vote setting and reset votes button when voting is disabled","duration":27.198341000000028,"failureMessages":[],"meta":{}},{"ancestorTitles":["Board Component"],"fullName":"Board Component shows multi-vote setting and reset votes button when voting is enabled","status":"passed","title":"shows multi-vote setting and reset votes button when voting is enabled","duration":22.461045000000013,"failureMessages":[],"meta":{}}],"startTime":1746147770208,"endTime":1746147770807.461,"status":"passed","message":"","name":"/home/runner/work/kanbanish/kanbanish/src/components/Board.test.jsx"},{"assertionResults":[{"ancestorTitles":["Card Component"],"fullName":"Card Component renders card content correctly","status":"passed","title":"renders card content correctly","duration":37.007078999999976,"failureMessages":[],"meta":{}},{"ancestorTitles":["Card Component"],"fullName":"Card Component renders emoji reactions","status":"passed","title":"renders emoji reactions","duration":8.033662999999933,"failureMessages":[],"meta":{}},{"ancestorTitles":["Card Component"],"fullName":"Card Component allows editing card content","status":"passed","title":"allows editing card content","duration":104.20553999999993,"failureMessages":[],"meta":{}},{"ancestorTitles":["Card Component"],"fullName":"Card Component shows comments when comments button is clicked","status":"passed","title":"shows comments when comments button is clicked","duration":11.798455999999987,"failureMessages":[],"meta":{}},{"ancestorTitles":["Card Component"],"fullName":"Card Component allows adding upvotes","status":"passed","title":"allows adding upvotes","duration":59.239449999999806,"failureMessages":[],"meta":{}},{"ancestorTitles":["Card Component"],"fullName":"Card Component hides downvote button when downvotingEnabled is false","status":"passed","title":"hides downvote button when downvotingEnabled is false","duration":5.025608999999804,"failureMessages":[],"meta":{}},{"ancestorTitles":["Card Component"],"fullName":"Card Component shows downvote button when the user has upvoted even if downvotingEnabled is false","status":"passed","title":"shows downvote button when the user has upvoted even if downvotingEnabled is false","duration":4.03630800000019,"failureMessages":[],"meta":{}},{"ancestorTitles":["Card Component"],"fullName":"Card Component allows removing downvotes","status":"passed","title":"allows removing downvotes","duration":58.159253000000035,"failureMessages":[],"meta":{}},{"ancestorTitles":["Card Component"],"fullName":"Card Component allows deleting the card","status":"passed","title":"allows deleting the card","duration":59.80581799999982,"failureMessages":[],"meta":{}},{"ancestorTitles":["Card Component"],"fullName":"Card Component applies drag attributes to card element","status":"passed","title":"applies drag attributes to card element","duration":11.58786299999997,"failureMessages":[],"meta":{}},{"ancestorTitles":["Card Component"],"fullName":"Card Component shows emoji picker when clicking the + icon","status":"passed","title":"shows emoji picker when clicking the + icon","duration":11.064379000000145,"failureMessages":[],"meta":{}},{"ancestorTitles":["Card Component"],"fullName":"Card Component allows adding and removing emoji reactions","status":"passed","title":"allows adding and removing emoji reactions","duration":118.13224200000013,"failureMessages":[],"meta":{}},{"ancestorTitles":["Card Component"],"fullName":"Card Component allows adding comments","status":"passed","title":"allows adding comments","duration":14.41893600000003,"failureMessages":[],"meta":{}},{"ancestorTitles":["Card Component"],"fullName":"Card Component handles keyboard shortcuts for editing","status":"passed","title":"handles keyboard shortcuts for editing","duration":27.50883799999997,"failureMessages":[],"meta":{}},{"ancestorTitles":["Card Component"],"fullName":"Card Component prevents negative vote count","status":"passed","title":"prevents negative vote count","duration":4.621298000000024,"failureMessages":[],"meta":{}},{"ancestorTitles":["Card Component"],"fullName":"Card Component requires confirmation for card deletion","status":"passed","title":"requires confirmation for card deletion","duration":6.616894000000002,"failureMessages":[],"meta":{}},{"ancestorTitles":["Card Component"],"fullName":"Card Component removes reaction when clicking an existing reaction","status":"passed","title":"removes reaction when clicking an existing reaction","duration":54.81167899999991,"failureMessages":[],"meta":{}},{"ancestorTitles":["Card Component"],"fullName":"Card Component prevents adding empty comments","status":"passed","title":"prevents adding empty comments","duration":8.53087000000005,"failureMessages":[],"meta":{}},{"ancestorTitles":["Card Component"],"fullName":"Card Component deletes card when saving empty content","status":"passed","title":"deletes card when saving empty content","duration":62.81121899999994,"failureMessages":[],"meta":{}},{"ancestorTitles":["Card Component"],"fullName":"Card Component allows editing comments","status":"passed","title":"allows editing comments","duration":75.32355600000005,"failureMessages":[],"meta":{}},{"ancestorTitles":["Card Component"],"fullName":"Card Component allows deleting comments","status":"passed","title":"allows deleting comments","duration":61.431127999999944,"failureMessages":[],"meta":{}},{"ancestorTitles":["Card Component"],"fullName":"Card Component can cancel comment editing","status":"passed","title":"can cancel comment editing","duration":21.02440999999999,"failureMessages":[],"meta":{}},{"ancestorTitles":["Card Component"],"fullName":"Card Component allows saving comment with Enter key","status":"passed","title":"allows saving comment with Enter key","duration":71.79439400000001,"failureMessages":[],"meta":{}},{"ancestorTitles":["Card Component"],"fullName":"Card Component prevents adding empty comments when editing","status":"passed","title":"prevents adding empty comments when editing","duration":18.002791000000116,"failureMessages":[],"meta":{}},{"ancestorTitles":["Card Component"],"fullName":"Card Component requires confirmation for comment deletion","status":"passed","title":"requires confirmation for comment deletion","duration":13.854334999999992,"failureMessages":[],"meta":{}},{"ancestorTitles":["Card Component"],"fullName":"Card Component hides voting controls when voting is disabled","status":"passed","title":"hides voting controls when voting is disabled","duration":6.258237000000008,"failureMessages":[],"meta":{}},{"ancestorTitles":["Card Component"],"fullName":"Card Component respects multiple votes allowed setting","status":"passed","title":"respects multiple votes allowed setting","duration":107.20995799999992,"failureMessages":[],"meta":{}}],"startTime":1746147768203,"endTime":1746147769246.21,"status":"passed","message":"","name":"/home/runner/work/kanbanish/kanbanish/src/components/Card.test.jsx"}]}